[15/05/20 22:46:01] info: Program: Starting Squirrel Updater: --download https://atom.io/api/updates-x64?version=1.46.0&os_version=10.0.18363
[15/05/20 22:46:01] info: Program: Fetching update information, downloading from https://atom.io/api/updates-x64?version=1.46.0&os_version=10.0.18363
[15/05/20 22:46:01] warn: SingleGlobalInstance: Failed to grab lockfile, will retry: C:\Users\Bapi\AppData\Local\Temp\.squirrel-lock-A23560EC0516158DADAD3E1295244D0A6014D0B6: System.IO.IOException: The process cannot access the file 'C:\Users\Bapi\AppData\Local\Temp\.squirrel-lock-A23560EC0516158DADAD3E1295244D0A6014D0B6' because it is being used by another process.
   at System.IO.__Error.WinIOError(Int32 errorCode, String maybeFullPath)
   at System.IO.FileStream.Init(String path, FileMode mode, FileAccess access, Int32 rights, Boolean useRights, FileShare share, Int32 bufferSize, FileOptions options, SECURITY_ATTRIBUTES secAttrs, String msgPath, Boolean bFromProxy, Boolean useLongPath, Boolean checkHost)
   at System.IO.FileStream..ctor(String path, FileMode mode, FileAccess access, FileShare share)
   at Squirrel.SingleGlobalInstance..ctor(String key, TimeSpan timeOut)
[15/05/20 22:46:01] warn: SingleGlobalInstance: Failed to grab lockfile, will retry: C:\Users\Bapi\AppData\Local\Temp\.squirrel-lock-A23560EC0516158DADAD3E1295244D0A6014D0B6: System.IO.IOException: The process cannot access the file 'C:\Users\Bapi\AppData\Local\Temp\.squirrel-lock-A23560EC0516158DADAD3E1295244D0A6014D0B6' because it is being used by another process.
   at System.IO.__Error.WinIOError(Int32 errorCode, String maybeFullPath)
   at System.IO.FileStream.Init(String path, FileMode mode, FileAccess access, Int32 rights, Boolean useRights, FileShare share, Int32 bufferSize, FileOptions options, SECURITY_ATTRIBUTES secAttrs, String msgPath, Boolean bFromProxy, Boolean useLongPath, Boolean checkHost)
   at System.IO.FileStream..ctor(String path, FileMode mode, FileAccess access, FileShare share)
   at Squirrel.SingleGlobalInstance..ctor(String key, TimeSpan timeOut)
[15/05/20 22:46:01] warn: SingleGlobalInstance: Failed to grab lockfile, will retry: C:\Users\Bapi\AppData\Local\Temp\.squirrel-lock-A23560EC0516158DADAD3E1295244D0A6014D0B6: System.IO.IOException: The process cannot access the file 'C:\Users\Bapi\AppData\Local\Temp\.squirrel-lock-A23560EC0516158DADAD3E1295244D0A6014D0B6' because it is being used by another process.
   at System.IO.__Error.WinIOError(Int32 errorCode, String maybeFullPath)
   at System.IO.FileStream.Init(String path, FileMode mode, FileAccess access, Int32 rights, Boolean useRights, FileShare share, Int32 bufferSize, FileOptions options, SECURITY_ATTRIBUTES secAttrs, String msgPath, Boolean bFromProxy, Boolean useLongPath, Boolean checkHost)
   at System.IO.FileStream..ctor(String path, FileMode mode, FileAccess access, FileShare share)
   at Squirrel.SingleGlobalInstance..ctor(String key, TimeSpan timeOut)
[15/05/20 22:46:02] warn: SingleGlobalInstance: Failed to grab lockfile, will retry: C:\Users\Bapi\AppData\Local\Temp\.squirrel-lock-A23560EC0516158DADAD3E1295244D0A6014D0B6: System.IO.IOException: The process cannot access the file 'C:\Users\Bapi\AppData\Local\Temp\.squirrel-lock-A23560EC0516158DADAD3E1295244D0A6014D0B6' because it is being used by another process.
   at System.IO.__Error.WinIOError(Int32 errorCode, String maybeFullPath)
   at System.IO.FileStream.Init(String path, FileMode mode, FileAccess access, Int32 rights, Boolean useRights, FileShare share, Int32 bufferSize, FileOptions options, SECURITY_ATTRIBUTES secAttrs, String msgPath, Boolean bFromProxy, Boolean useLongPath, Boolean checkHost)
   at System.IO.FileStream..ctor(String path, FileMode mode, FileAccess access, FileShare share)
   at Squirrel.SingleGlobalInstance..ctor(String key, TimeSpan timeOut)
[15/05/20 22:46:02] warn: SingleGlobalInstance: Failed to grab lockfile, will retry: C:\Users\Bapi\AppData\Local\Temp\.squirrel-lock-A23560EC0516158DADAD3E1295244D0A6014D0B6: System.IO.IOException: The process cannot access the file 'C:\Users\Bapi\AppData\Local\Temp\.squirrel-lock-A23560EC0516158DADAD3E1295244D0A6014D0B6' because it is being used by another process.
   at System.IO.__Error.WinIOError(Int32 errorCode, String maybeFullPath)
   at System.IO.FileStream.Init(String path, FileMode mode, FileAccess access, Int32 rights, Boolean useRights, FileShare share, Int32 bufferSize, FileOptions options, SECURITY_ATTRIBUTES secAttrs, String msgPath, Boolean bFromProxy, Boolean useLongPath, Boolean checkHost)
   at System.IO.FileStream..ctor(String path, FileMode mode, FileAccess access, FileShare share)
   at Squirrel.SingleGlobalInstance..ctor(String key, TimeSpan timeOut)
[15/05/20 22:46:02] warn: SingleGlobalInstance: Failed to grab lockfile, will retry: C:\Users\Bapi\AppData\Local\Temp\.squirrel-lock-A23560EC0516158DADAD3E1295244D0A6014D0B6: System.IO.IOException: The process cannot access the file 'C:\Users\Bapi\AppData\Local\Temp\.squirrel-lock-A23560EC0516158DADAD3E1295244D0A6014D0B6' because it is being used by another process.
   at System.IO.__Error.WinIOError(Int32 errorCode, String maybeFullPath)
   at System.IO.FileStream.Init(String path, FileMode mode, FileAccess access, Int32 rights, Boolean useRights, FileShare share, Int32 bufferSize, FileOptions options, SECURITY_ATTRIBUTES secAttrs, String msgPath, Boolean bFromProxy, Boolean useLongPath, Boolean checkHost)
   at System.IO.FileStream..ctor(String path, FileMode mode, FileAccess access, FileShare share)
   at Squirrel.SingleGlobalInstance..ctor(String key, TimeSpan timeOut)
[15/05/20 22:46:02] warn: SingleGlobalInstance: Failed to grab lockfile, will retry: C:\Users\Bapi\AppData\Local\Temp\.squirrel-lock-A23560EC0516158DADAD3E1295244D0A6014D0B6: System.IO.IOException: The process cannot access the file 'C:\Users\Bapi\AppData\Local\Temp\.squirrel-lock-A23560EC0516158DADAD3E1295244D0A6014D0B6' because it is being used by another process.
   at System.IO.__Error.WinIOError(Int32 errorCode, String maybeFullPath)
   at System.IO.FileStream.Init(String path, FileMode mode, FileAccess access, Int32 rights, Boolean useRights, FileShare share, Int32 bufferSize, FileOptions options, SECURITY_ATTRIBUTES secAttrs, String msgPath, Boolean bFromProxy, Boolean useLongPath, Boolean checkHost)
   at System.IO.FileStream..ctor(String path, FileMode mode, FileAccess access, FileShare share)
   at Squirrel.SingleGlobalInstance..ctor(String key, TimeSpan timeOut)
[15/05/20 22:46:03] warn: SingleGlobalInstance: Failed to grab lockfile, will retry: C:\Users\Bapi\AppData\Local\Temp\.squirrel-lock-A23560EC0516158DADAD3E1295244D0A6014D0B6: System.IO.IOException: The process cannot access the file 'C:\Users\Bapi\AppData\Local\Temp\.squirrel-lock-A23560EC0516158DADAD3E1295244D0A6014D0B6' because it is being used by another process.
   at System.IO.__Error.WinIOError(Int32 errorCode, String maybeFullPath)
   at System.IO.FileStream.Init(String path, FileMode mode, FileAccess access, Int32 rights, Boolean useRights, FileShare share, Int32 bufferSize, FileOptions options, SECURITY_ATTRIBUTES secAttrs, String msgPath, Boolean bFromProxy, Boolean useLongPath, Boolean checkHost)
   at System.IO.FileStream..ctor(String path, FileMode mode, FileAccess access, FileShare share)
   at Squirrel.SingleGlobalInstance..ctor(String key, TimeSpan timeOut)
[15/05/20 22:46:03] fatal: Finished with unhandled exception: System.AggregateException: One or more errors occurred. ---> System.Exception: Couldn't acquire lock, is another instance running
   at Squirrel.SingleGlobalInstance..ctor(String key, TimeSpan timeOut)
   at Squirrel.UpdateManager.<acquireUpdateLock>b__32_0()
   at System.Threading.Tasks.Task`1.InnerInvoke()
   at System.Threading.Tasks.Task.Execute()
--- End of stack trace from previous location where exception was thrown ---
   at System.Runtime.CompilerServices.TaskAwaiter.ThrowForNonSuccess(Task task)
   at System.Runtime.CompilerServices.TaskAwaiter.HandleNonSuccessAndDebuggerNotification(Task task)
   at Squirrel.UpdateManager.<CheckForUpdate>d__7.MoveNext()
--- End of stack trace from previous location where exception was thrown ---
   at System.Runtime.CompilerServices.TaskAwaiter.ThrowForNonSuccess(Task task)
   at System.Runtime.CompilerServices.TaskAwaiter.HandleNonSuccessAndDebuggerNotification(Task task)
   at Squirrel.Update.Program.<Download>d__7.MoveNext()
   --- End of inner exception stack trace ---
   at System.Threading.Tasks.Task.ThrowIfExceptional(Boolean includeTaskCanceledExceptions)
   at System.Threading.Tasks.Task`1.GetResultCore(Boolean waitCompletionNotification)
   at System.Threading.Tasks.Task`1.get_Result()
   at Squirrel.Update.Program.executeCommandLine(String[] args)
   at Squirrel.Update.Program.main(String[] args)
---> (Inner Exception #0) System.Exception: Couldn't acquire lock, is another instance running
   at Squirrel.SingleGlobalInstance..ctor(String key, TimeSpan timeOut)
   at Squirrel.UpdateManager.<acquireUpdateLock>b__32_0()
   at System.Threading.Tasks.Task`1.InnerInvoke()
   at System.Threading.Tasks.Task.Execute()
--- End of stack trace from previous location where exception was thrown ---
   at System.Runtime.CompilerServices.TaskAwaiter.ThrowForNonSuccess(Task task)
   at System.Runtime.CompilerServices.TaskAwaiter.HandleNonSuccessAndDebuggerNotification(Task task)
   at Squirrel.UpdateManager.<CheckForUpdate>d__7.MoveNext()
--- End of stack trace from previous location where exception was thrown ---
   at System.Runtime.CompilerServices.TaskAwaiter.ThrowForNonSuccess(Task task)
   at System.Runtime.CompilerServices.TaskAwaiter.HandleNonSuccessAndDebuggerNotification(Task task)
   at Squirrel.Update.Program.<Download>d__7.MoveNext()<---

[17/05/20 21:45:29] info: Program: Starting Squirrel Updater: --download https://atom.io/api/updates-x64?version=1.46.0&os_version=10.0.18363
[17/05/20 21:45:29] info: Program: Fetching update information, downloading from https://atom.io/api/updates-x64?version=1.46.0&os_version=10.0.18363
[17/05/20 21:45:29] info: CheckForUpdateImpl: Generated new staging user ID: 7f2dfc19-d17c-5924-9a0d-8945dbd82492
[17/05/20 21:45:29] info: CheckForUpdateImpl: Downloading RELEASES file from https://atom.io/api/updates-x64?version=1.46.0&os_version=10.0.18363
[17/05/20 21:45:30] info: FileDownloader: Downloading url: https://atom.io/api/updates-x64/RELEASES?version=1.46.0&os_version=10.0.18363&id=atom&localVersion=1.46.0&arch=amd64
[17/05/20 21:45:35] info: Program: Finished Squirrel Updater
